{
  "RSpec": {
    "coverage": {
      "/home/jav/Projects/feedback_form/app/helpers/admin/application_helper.rb": [
        1,
        null
      ],
      "/home/jav/Projects/feedback_form/app/helpers/admin/feedbacks_helper.rb": [
        1,
        null
      ],
      "/home/jav/Projects/feedback_form/app/helpers/application_helper.rb": [
        1,
        null
      ],
      "/home/jav/Projects/feedback_form/app/helpers/feedbacks_helper.rb": [
        1,
        null
      ],
      "/home/jav/Projects/feedback_form/app/controllers/admin/application_controller.rb": [
        1,
        1,
        null,
        null,
        null,
        null
      ],
      "/home/jav/Projects/feedback_form/app/controllers/admin/feedbacks_controller.rb": [
        1,
        1,
        1,
        1,
        null,
        null,
        1,
        0,
        null,
        null,
        1,
        0,
        0,
        0,
        null,
        null,
        null
      ],
      "/home/jav/Projects/feedback_form/app/controllers/feedbacks_controller.rb": [
        1,
        1,
        0,
        null,
        null,
        1,
        1,
        null,
        null,
        1,
        1,
        null,
        1,
        1,
        1,
        null,
        null,
        0,
        null,
        null,
        null,
        1,
        1,
        null,
        null,
        1,
        1,
        1,
        null,
        null
      ],
      "/home/jav/Projects/feedback_form/app/controllers/application_controller.rb": [
        1,
        null,
        null,
        1,
        null
      ],
      "/home/jav/Projects/feedback_form/app/models/feedback.rb": [
        1,
        1,
        1,
        null,
        1,
        1,
        4,
        4,
        4,
        8,
        8,
        null,
        0,
        null,
        null,
        4,
        0,
        null,
        null,
        null,
        1,
        4,
        0,
        null,
        null,
        null,
        1,
        4,
        0,
        null,
        null,
        null
      ],
      "/home/jav/Projects/feedback_form/app/uploaders/attachment_uploader.rb": [
        null,
        null,
        1,
        null,
        null,
        null,
        null,
        null,
        null,
        1,
        null,
        null,
        null,
        null,
        1,
        3,
        null,
        null,
        null,
        null,
        null,
        null,
        null,
        null,
        null,
        null,
        null,
        null,
        null,
        null,
        null,
        null,
        null,
        null,
        null,
        null,
        null,
        null,
        null,
        null,
        1,
        6,
        null,
        null,
        null,
        null,
        null,
        null,
        null,
        null,
        null
      ]
    },
    "timestamp": 1464626760
  }
}
